2024-06-21 19:54:02,175 (multipart.py:586) - DEBUG: Calling on_part_begin with no data
2024-06-21 19:54:02,175 (multipart.py:583) - DEBUG: Calling on_header_field with data[54:73]
2024-06-21 19:54:02,175 (multipart.py:583) - DEBUG: Calling on_header_value with data[75:165]
2024-06-21 19:54:02,175 (multipart.py:586) - DEBUG: Calling on_header_end with no data
2024-06-21 19:54:02,175 (multipart.py:583) - DEBUG: Calling on_header_field with data[167:179]
2024-06-21 19:54:02,175 (multipart.py:583) - DEBUG: Calling on_header_value with data[181:196]
2024-06-21 19:54:02,175 (multipart.py:586) - DEBUG: Calling on_header_end with no data
2024-06-21 19:54:02,175 (multipart.py:586) - DEBUG: Calling on_headers_finished with no data
2024-06-21 19:54:02,175 (multipart.py:583) - DEBUG: Calling on_part_data with data[200:363]
2024-06-21 19:54:02,175 (multipart.py:583) - DEBUG: Calling on_part_data with data[0:2]
2024-06-21 19:54:02,175 (multipart.py:583) - DEBUG: Calling on_part_data with data[365:28293]
2024-06-21 19:54:02,175 (multipart.py:583) - DEBUG: Calling on_part_data with data[0:2]
2024-06-21 19:54:02,175 (multipart.py:583) - DEBUG: Calling on_part_data with data[28295:40573]
2024-06-21 19:54:02,175 (multipart.py:583) - DEBUG: Calling on_part_data with data[0:1]
2024-06-21 19:54:02,175 (multipart.py:583) - DEBUG: Calling on_part_data with data[40574:49196]
2024-06-21 19:54:02,176 (multipart.py:583) - DEBUG: Calling on_part_data with data[0:101355]
2024-06-21 19:54:02,176 (multipart.py:583) - DEBUG: Calling on_part_data with data[0:2]
2024-06-21 19:54:02,176 (multipart.py:583) - DEBUG: Calling on_part_data with data[101357:101366]
2024-06-21 19:54:02,176 (multipart.py:583) - DEBUG: Calling on_part_data with data[0:2]
2024-06-21 19:54:02,176 (multipart.py:583) - DEBUG: Calling on_part_data with data[101368:101374]
2024-06-21 19:54:02,176 (multipart.py:583) - DEBUG: Calling on_part_data with data[0:2]
2024-06-21 19:54:02,176 (multipart.py:583) - DEBUG: Calling on_part_data with data[101376:101381]
2024-06-21 19:54:02,176 (multipart.py:586) - DEBUG: Calling on_part_end with no data
2024-06-21 19:54:02,176 (multipart.py:586) - DEBUG: Calling on_end with no data
2024-06-21 19:54:02,177 (parse_resumes.py:30) - INFO: Started parsing the resumes.
2024-06-21 19:54:02,177 (parse_resumes.py:32) - INFO: Parsing of the resumes is now complete.
2024-06-21 21:23:17,180 (multipart.py:586) - DEBUG: Calling on_part_begin with no data
2024-06-21 21:23:17,180 (multipart.py:583) - DEBUG: Calling on_header_field with data[54:73]
2024-06-21 21:23:17,180 (multipart.py:583) - DEBUG: Calling on_header_value with data[75:169]
2024-06-21 21:23:17,180 (multipart.py:586) - DEBUG: Calling on_header_end with no data
2024-06-21 21:23:17,181 (multipart.py:583) - DEBUG: Calling on_header_field with data[171:183]
2024-06-21 21:23:17,181 (multipart.py:583) - DEBUG: Calling on_header_value with data[185:200]
2024-06-21 21:23:17,181 (multipart.py:586) - DEBUG: Calling on_header_end with no data
2024-06-21 21:23:17,181 (multipart.py:586) - DEBUG: Calling on_headers_finished with no data
2024-06-21 21:23:17,181 (multipart.py:583) - DEBUG: Calling on_part_data with data[0:57874]
2024-06-21 21:23:17,181 (multipart.py:586) - DEBUG: Calling on_part_end with no data
2024-06-21 21:23:17,181 (multipart.py:586) - DEBUG: Calling on_end with no data
2024-06-21 21:23:17,182 (parse_resumes.py:30) - INFO: Started parsing the resumes.
2024-06-21 21:23:17,182 (parse_resumes.py:32) - INFO: Parsing of the resumes is now complete.
2024-06-21 21:24:07,438 (multipart.py:586) - DEBUG: Calling on_part_begin with no data
2024-06-21 21:24:07,439 (multipart.py:583) - DEBUG: Calling on_header_field with data[54:73]
2024-06-21 21:24:07,439 (multipart.py:583) - DEBUG: Calling on_header_value with data[75:168]
2024-06-21 21:24:07,439 (multipart.py:586) - DEBUG: Calling on_header_end with no data
2024-06-21 21:24:07,439 (multipart.py:583) - DEBUG: Calling on_header_field with data[170:182]
2024-06-21 21:24:07,439 (multipart.py:583) - DEBUG: Calling on_header_value with data[184:199]
2024-06-21 21:24:07,439 (multipart.py:586) - DEBUG: Calling on_header_end with no data
2024-06-21 21:24:07,439 (multipart.py:586) - DEBUG: Calling on_headers_finished with no data
2024-06-21 21:24:07,440 (multipart.py:583) - DEBUG: Calling on_part_data with data[203:58077]
2024-06-21 21:24:07,440 (multipart.py:586) - DEBUG: Calling on_part_end with no data
2024-06-21 21:24:07,440 (multipart.py:586) - DEBUG: Calling on_end with no data
2024-06-21 21:24:07,440 (parse_resumes.py:30) - INFO: Started parsing the resumes.
2024-06-21 21:24:07,440 (parse_resumes.py:32) - INFO: Parsing of the resumes is now complete.
2024-06-21 21:43:37,705 (multipart.py:586) - DEBUG: Calling on_part_begin with no data
2024-06-21 21:43:37,706 (multipart.py:583) - DEBUG: Calling on_header_field with data[54:73]
2024-06-21 21:43:37,706 (multipart.py:583) - DEBUG: Calling on_header_value with data[75:171]
2024-06-21 21:43:37,706 (multipart.py:586) - DEBUG: Calling on_header_end with no data
2024-06-21 21:43:37,706 (multipart.py:583) - DEBUG: Calling on_header_field with data[173:185]
2024-06-21 21:43:37,706 (multipart.py:583) - DEBUG: Calling on_header_value with data[187:202]
2024-06-21 21:43:37,706 (multipart.py:586) - DEBUG: Calling on_header_end with no data
2024-06-21 21:43:37,706 (multipart.py:586) - DEBUG: Calling on_headers_finished with no data
2024-06-21 21:43:37,707 (multipart.py:583) - DEBUG: Calling on_part_data with data[0:57874]
2024-06-21 21:43:37,707 (multipart.py:586) - DEBUG: Calling on_part_end with no data
2024-06-21 21:43:37,707 (multipart.py:586) - DEBUG: Calling on_end with no data
2024-06-21 21:43:37,707 (parse_resumes.py:30) - INFO: Started parsing the resumes.
2024-06-21 21:43:37,707 (parse_resumes.py:32) - INFO: Parsing of the resumes is now complete.
2024-06-21 22:05:46,583 (multipart.py:586) - DEBUG: Calling on_part_begin with no data
2024-06-21 22:05:46,583 (multipart.py:583) - DEBUG: Calling on_header_field with data[54:73]
2024-06-21 22:05:46,583 (multipart.py:583) - DEBUG: Calling on_header_value with data[75:174]
2024-06-21 22:05:46,583 (multipart.py:586) - DEBUG: Calling on_header_end with no data
2024-06-21 22:05:46,583 (multipart.py:583) - DEBUG: Calling on_header_field with data[176:188]
2024-06-21 22:05:46,583 (multipart.py:583) - DEBUG: Calling on_header_value with data[190:205]
2024-06-21 22:05:46,584 (multipart.py:586) - DEBUG: Calling on_header_end with no data
2024-06-21 22:05:46,584 (multipart.py:586) - DEBUG: Calling on_headers_finished with no data
2024-06-21 22:05:46,584 (multipart.py:583) - DEBUG: Calling on_part_data with data[209:18497]
2024-06-21 22:05:46,584 (multipart.py:583) - DEBUG: Calling on_part_data with data[0:2]
2024-06-21 22:05:46,584 (multipart.py:583) - DEBUG: Calling on_part_data with data[18499:82077]
2024-06-21 22:05:46,584 (multipart.py:583) - DEBUG: Calling on_part_data with data[0:1620]
2024-06-21 22:05:46,584 (multipart.py:583) - DEBUG: Calling on_part_data with data[0:2]
2024-06-21 22:05:46,585 (multipart.py:583) - DEBUG: Calling on_part_data with data[1622:7936]
2024-06-21 22:05:46,585 (multipart.py:583) - DEBUG: Calling on_part_data with data[0:2]
2024-06-21 22:05:46,585 (multipart.py:583) - DEBUG: Calling on_part_data with data[7938:7943]
2024-06-21 22:05:46,585 (multipart.py:583) - DEBUG: Calling on_part_data with data[0:2]
2024-06-21 22:05:46,585 (multipart.py:583) - DEBUG: Calling on_part_data with data[7945:7950]
2024-06-21 22:05:46,585 (multipart.py:586) - DEBUG: Calling on_part_end with no data
2024-06-21 22:05:46,585 (multipart.py:586) - DEBUG: Calling on_end with no data
2024-06-21 22:05:46,585 (parse_resumes.py:30) - INFO: Started parsing the resumes.
2024-06-21 22:05:46,585 (parse_resumes.py:32) - INFO: Parsing of the resumes is now complete.
2024-06-21 22:15:42,554 (multipart.py:586) - DEBUG: Calling on_part_begin with no data
2024-06-21 22:15:42,554 (multipart.py:583) - DEBUG: Calling on_header_field with data[54:73]
2024-06-21 22:15:42,555 (multipart.py:583) - DEBUG: Calling on_header_value with data[75:175]
2024-06-21 22:15:42,555 (multipart.py:586) - DEBUG: Calling on_header_end with no data
2024-06-21 22:15:42,555 (multipart.py:583) - DEBUG: Calling on_header_field with data[177:189]
2024-06-21 22:15:42,555 (multipart.py:583) - DEBUG: Calling on_header_value with data[191:206]
2024-06-21 22:15:42,555 (multipart.py:586) - DEBUG: Calling on_header_end with no data
2024-06-21 22:15:42,555 (multipart.py:586) - DEBUG: Calling on_headers_finished with no data
2024-06-21 22:15:42,555 (multipart.py:583) - DEBUG: Calling on_part_data with data[0:6654]
2024-06-21 22:15:42,555 (multipart.py:583) - DEBUG: Calling on_part_data with data[0:2]
2024-06-21 22:15:42,555 (multipart.py:583) - DEBUG: Calling on_part_data with data[6656:17779]
2024-06-21 22:15:42,555 (multipart.py:583) - DEBUG: Calling on_part_data with data[0:2]
2024-06-21 22:15:42,555 (multipart.py:583) - DEBUG: Calling on_part_data with data[17781:65851]
2024-06-21 22:15:42,555 (multipart.py:583) - DEBUG: Calling on_part_data with data[0:2]
2024-06-21 22:15:42,556 (multipart.py:583) - DEBUG: Calling on_part_data with data[65853:89804]
2024-06-21 22:15:42,556 (multipart.py:583) - DEBUG: Calling on_part_data with data[0:2]
2024-06-21 22:15:42,556 (multipart.py:583) - DEBUG: Calling on_part_data with data[89806:89811]
2024-06-21 22:15:42,556 (multipart.py:583) - DEBUG: Calling on_part_data with data[0:2]
2024-06-21 22:15:42,556 (multipart.py:583) - DEBUG: Calling on_part_data with data[89813:89818]
2024-06-21 22:15:42,556 (multipart.py:586) - DEBUG: Calling on_part_end with no data
2024-06-21 22:15:42,556 (multipart.py:586) - DEBUG: Calling on_end with no data
2024-06-21 22:15:42,556 (parse_resumes.py:30) - INFO: Started parsing the resumes.
2024-06-21 22:15:42,556 (parse_resumes.py:32) - INFO: Parsing of the resumes is now complete.
2024-06-21 22:17:56,226 (multipart.py:586) - DEBUG: Calling on_part_begin with no data
2024-06-21 22:17:56,226 (multipart.py:583) - DEBUG: Calling on_header_field with data[54:73]
2024-06-21 22:17:56,226 (multipart.py:583) - DEBUG: Calling on_header_value with data[75:174]
2024-06-21 22:17:56,226 (multipart.py:586) - DEBUG: Calling on_header_end with no data
2024-06-21 22:17:56,226 (multipart.py:583) - DEBUG: Calling on_header_field with data[176:188]
2024-06-21 22:17:56,226 (multipart.py:583) - DEBUG: Calling on_header_value with data[190:205]
2024-06-21 22:17:56,227 (multipart.py:586) - DEBUG: Calling on_header_end with no data
2024-06-21 22:17:56,227 (multipart.py:586) - DEBUG: Calling on_headers_finished with no data
2024-06-21 22:17:56,227 (multipart.py:583) - DEBUG: Calling on_part_data with data[209:6863]
2024-06-21 22:17:56,227 (multipart.py:583) - DEBUG: Calling on_part_data with data[0:2]
2024-06-21 22:17:56,227 (multipart.py:583) - DEBUG: Calling on_part_data with data[6865:17988]
2024-06-21 22:17:56,227 (multipart.py:583) - DEBUG: Calling on_part_data with data[0:2]
2024-06-21 22:17:56,227 (multipart.py:583) - DEBUG: Calling on_part_data with data[17990:65745]
2024-06-21 22:17:56,227 (multipart.py:583) - DEBUG: Calling on_part_data with data[0:24282]
2024-06-21 22:17:56,228 (multipart.py:586) - DEBUG: Calling on_part_end with no data
2024-06-21 22:17:56,228 (multipart.py:586) - DEBUG: Calling on_end with no data
2024-06-21 22:17:56,228 (parse_resumes.py:30) - INFO: Started parsing the resumes.
2024-06-21 22:17:56,228 (parse_resumes.py:32) - INFO: Parsing of the resumes is now complete.
2024-06-21 22:18:56,888 (multipart.py:586) - DEBUG: Calling on_part_begin with no data
2024-06-21 22:18:56,889 (multipart.py:583) - DEBUG: Calling on_header_field with data[54:73]
2024-06-21 22:18:56,889 (multipart.py:583) - DEBUG: Calling on_header_value with data[75:175]
2024-06-21 22:18:56,889 (multipart.py:586) - DEBUG: Calling on_header_end with no data
2024-06-21 22:18:56,889 (multipart.py:583) - DEBUG: Calling on_header_field with data[177:189]
2024-06-21 22:18:56,889 (multipart.py:583) - DEBUG: Calling on_header_value with data[191:206]
2024-06-21 22:18:56,889 (multipart.py:586) - DEBUG: Calling on_header_end with no data
2024-06-21 22:18:56,889 (multipart.py:586) - DEBUG: Calling on_headers_finished with no data
2024-06-21 22:18:56,889 (multipart.py:583) - DEBUG: Calling on_part_data with data[210:18498]
2024-06-21 22:18:56,889 (multipart.py:583) - DEBUG: Calling on_part_data with data[0:2]
2024-06-21 22:18:56,889 (multipart.py:583) - DEBUG: Calling on_part_data with data[18500:65746]
2024-06-21 22:18:56,889 (multipart.py:583) - DEBUG: Calling on_part_data with data[0:24282]
2024-06-21 22:18:56,890 (multipart.py:586) - DEBUG: Calling on_part_end with no data
2024-06-21 22:18:56,890 (multipart.py:586) - DEBUG: Calling on_end with no data
2024-06-21 22:18:56,890 (parse_resumes.py:30) - INFO: Started parsing the resumes.
2024-06-21 22:18:56,890 (parse_resumes.py:32) - INFO: Parsing of the resumes is now complete.
2024-06-21 22:21:51,171 (multipart.py:586) - DEBUG: Calling on_part_begin with no data
2024-06-21 22:21:51,171 (multipart.py:583) - DEBUG: Calling on_header_field with data[54:73]
2024-06-21 22:21:51,171 (multipart.py:583) - DEBUG: Calling on_header_value with data[75:176]
2024-06-21 22:21:51,171 (multipart.py:586) - DEBUG: Calling on_header_end with no data
2024-06-21 22:21:51,171 (multipart.py:583) - DEBUG: Calling on_header_field with data[178:190]
2024-06-21 22:21:51,172 (multipart.py:583) - DEBUG: Calling on_header_value with data[192:207]
2024-06-21 22:21:51,172 (multipart.py:586) - DEBUG: Calling on_header_end with no data
2024-06-21 22:21:51,172 (multipart.py:586) - DEBUG: Calling on_headers_finished with no data
2024-06-21 22:21:51,172 (multipart.py:583) - DEBUG: Calling on_part_data with data[211:6865]
2024-06-21 22:21:51,172 (multipart.py:583) - DEBUG: Calling on_part_data with data[0:2]
2024-06-21 22:21:51,172 (multipart.py:583) - DEBUG: Calling on_part_data with data[6867:17990]
2024-06-21 22:21:51,172 (multipart.py:583) - DEBUG: Calling on_part_data with data[0:2]
2024-06-21 22:21:51,172 (multipart.py:583) - DEBUG: Calling on_part_data with data[17992:66062]
2024-06-21 22:21:51,172 (multipart.py:583) - DEBUG: Calling on_part_data with data[0:2]
2024-06-21 22:21:51,172 (multipart.py:583) - DEBUG: Calling on_part_data with data[66064:82079]
2024-06-21 22:21:51,172 (multipart.py:583) - DEBUG: Calling on_part_data with data[0:1620]
2024-06-21 22:21:51,173 (multipart.py:583) - DEBUG: Calling on_part_data with data[0:2]
2024-06-21 22:21:51,173 (multipart.py:583) - DEBUG: Calling on_part_data with data[1622:7936]
2024-06-21 22:21:51,173 (multipart.py:583) - DEBUG: Calling on_part_data with data[0:2]
2024-06-21 22:21:51,173 (multipart.py:583) - DEBUG: Calling on_part_data with data[7938:7943]
2024-06-21 22:21:51,173 (multipart.py:583) - DEBUG: Calling on_part_data with data[0:2]
2024-06-21 22:21:51,173 (multipart.py:583) - DEBUG: Calling on_part_data with data[7945:7950]
2024-06-21 22:21:51,173 (multipart.py:586) - DEBUG: Calling on_part_end with no data
2024-06-21 22:21:51,173 (multipart.py:586) - DEBUG: Calling on_end with no data
2024-06-21 22:21:51,174 (parse_resumes.py:30) - INFO: Started parsing the resumes.
2024-06-21 22:21:51,174 (parse_resumes.py:32) - INFO: Parsing of the resumes is now complete.
2024-06-21 22:25:51,400 (multipart.py:586) - DEBUG: Calling on_part_begin with no data
2024-06-21 22:25:51,401 (multipart.py:583) - DEBUG: Calling on_header_field with data[54:73]
2024-06-21 22:25:51,401 (multipart.py:583) - DEBUG: Calling on_header_value with data[75:174]
2024-06-21 22:25:51,401 (multipart.py:586) - DEBUG: Calling on_header_end with no data
2024-06-21 22:25:51,401 (multipart.py:583) - DEBUG: Calling on_header_field with data[176:188]
2024-06-21 22:25:51,401 (multipart.py:583) - DEBUG: Calling on_header_value with data[190:205]
2024-06-21 22:25:51,401 (multipart.py:586) - DEBUG: Calling on_header_end with no data
2024-06-21 22:25:51,401 (multipart.py:586) - DEBUG: Calling on_headers_finished with no data
2024-06-21 22:25:51,401 (multipart.py:583) - DEBUG: Calling on_part_data with data[209:14872]
2024-06-21 22:25:51,401 (multipart.py:583) - DEBUG: Calling on_part_data with data[0:1]
2024-06-21 22:25:51,401 (multipart.py:583) - DEBUG: Calling on_part_data with data[14873:65745]
2024-06-21 22:25:51,402 (multipart.py:583) - DEBUG: Calling on_part_data with data[0:24282]
2024-06-21 22:25:51,402 (multipart.py:586) - DEBUG: Calling on_part_end with no data
2024-06-21 22:25:51,402 (multipart.py:586) - DEBUG: Calling on_end with no data
2024-06-21 22:25:51,402 (parse_resumes.py:30) - INFO: Started parsing the resumes.
2024-06-21 22:25:51,402 (parse_resumes.py:32) - INFO: Parsing of the resumes is now complete.
2024-06-21 22:27:55,797 (multipart.py:586) - DEBUG: Calling on_part_begin with no data
2024-06-21 22:27:55,797 (multipart.py:583) - DEBUG: Calling on_header_field with data[54:73]
2024-06-21 22:27:55,797 (multipart.py:583) - DEBUG: Calling on_header_value with data[75:174]
2024-06-21 22:27:55,797 (multipart.py:586) - DEBUG: Calling on_header_end with no data
2024-06-21 22:27:55,797 (multipart.py:583) - DEBUG: Calling on_header_field with data[176:188]
2024-06-21 22:27:55,797 (multipart.py:583) - DEBUG: Calling on_header_value with data[190:205]
2024-06-21 22:27:55,797 (multipart.py:586) - DEBUG: Calling on_header_end with no data
2024-06-21 22:27:55,797 (multipart.py:586) - DEBUG: Calling on_headers_finished with no data
2024-06-21 22:27:55,797 (multipart.py:583) - DEBUG: Calling on_part_data with data[209:6863]
2024-06-21 22:27:55,797 (multipart.py:583) - DEBUG: Calling on_part_data with data[0:2]
2024-06-21 22:27:55,798 (multipart.py:583) - DEBUG: Calling on_part_data with data[6865:14872]
2024-06-21 22:27:55,798 (multipart.py:583) - DEBUG: Calling on_part_data with data[0:1]
2024-06-21 22:27:55,798 (multipart.py:583) - DEBUG: Calling on_part_data with data[14873:18497]
2024-06-21 22:27:55,798 (multipart.py:583) - DEBUG: Calling on_part_data with data[0:2]
2024-06-21 22:27:55,798 (multipart.py:583) - DEBUG: Calling on_part_data with data[18499:65745]
2024-06-21 22:27:55,798 (multipart.py:583) - DEBUG: Calling on_part_data with data[0:24268]
2024-06-21 22:27:55,798 (multipart.py:583) - DEBUG: Calling on_part_data with data[0:2]
2024-06-21 22:27:55,798 (multipart.py:583) - DEBUG: Calling on_part_data with data[24270:24275]
2024-06-21 22:27:55,798 (multipart.py:583) - DEBUG: Calling on_part_data with data[0:2]
2024-06-21 22:27:55,798 (multipart.py:583) - DEBUG: Calling on_part_data with data[24277:24282]
2024-06-21 22:27:55,798 (multipart.py:586) - DEBUG: Calling on_part_end with no data
2024-06-21 22:27:55,798 (multipart.py:586) - DEBUG: Calling on_end with no data
2024-06-21 22:27:55,799 (parse_resumes.py:30) - INFO: Started parsing the resumes.
2024-06-21 22:27:55,799 (parse_resumes.py:32) - INFO: Parsing of the resumes is now complete.
2024-06-21 22:29:21,120 (multipart.py:586) - DEBUG: Calling on_part_begin with no data
2024-06-21 22:29:21,120 (multipart.py:583) - DEBUG: Calling on_header_field with data[54:73]
2024-06-21 22:29:21,120 (multipart.py:583) - DEBUG: Calling on_header_value with data[75:174]
2024-06-21 22:29:21,120 (multipart.py:586) - DEBUG: Calling on_header_end with no data
2024-06-21 22:29:21,120 (multipart.py:583) - DEBUG: Calling on_header_field with data[176:188]
2024-06-21 22:29:21,120 (multipart.py:583) - DEBUG: Calling on_header_value with data[190:205]
2024-06-21 22:29:21,120 (multipart.py:586) - DEBUG: Calling on_header_end with no data
2024-06-21 22:29:21,120 (multipart.py:586) - DEBUG: Calling on_headers_finished with no data
2024-06-21 22:29:21,120 (multipart.py:583) - DEBUG: Calling on_part_data with data[209:6863]
2024-06-21 22:29:21,121 (multipart.py:583) - DEBUG: Calling on_part_data with data[0:2]
2024-06-21 22:29:21,121 (multipart.py:583) - DEBUG: Calling on_part_data with data[6865:17988]
2024-06-21 22:29:21,121 (multipart.py:583) - DEBUG: Calling on_part_data with data[0:2]
2024-06-21 22:29:21,121 (multipart.py:583) - DEBUG: Calling on_part_data with data[17990:65745]
2024-06-21 22:29:21,121 (multipart.py:583) - DEBUG: Calling on_part_data with data[0:24282]
2024-06-21 22:29:21,121 (multipart.py:586) - DEBUG: Calling on_part_end with no data
2024-06-21 22:29:21,122 (multipart.py:586) - DEBUG: Calling on_end with no data
2024-06-21 22:29:21,122 (parse_resumes.py:30) - INFO: Started parsing the resumes.
2024-06-21 22:29:21,122 (parse_resumes.py:32) - INFO: Parsing of the resumes is now complete.
2024-06-21 22:32:25,348 (multipart.py:586) - DEBUG: Calling on_part_begin with no data
2024-06-21 22:32:25,348 (multipart.py:583) - DEBUG: Calling on_header_field with data[54:73]
2024-06-21 22:32:25,348 (multipart.py:583) - DEBUG: Calling on_header_value with data[75:161]
2024-06-21 22:32:25,348 (multipart.py:586) - DEBUG: Calling on_header_end with no data
2024-06-21 22:32:25,348 (multipart.py:583) - DEBUG: Calling on_header_field with data[163:175]
2024-06-21 22:32:25,348 (multipart.py:583) - DEBUG: Calling on_header_value with data[177:192]
2024-06-21 22:32:25,348 (multipart.py:586) - DEBUG: Calling on_header_end with no data
2024-06-21 22:32:25,348 (multipart.py:586) - DEBUG: Calling on_headers_finished with no data
2024-06-21 22:32:25,349 (multipart.py:583) - DEBUG: Calling on_part_data with data[0:20708]
2024-06-21 22:32:25,349 (multipart.py:586) - DEBUG: Calling on_part_end with no data
2024-06-21 22:32:25,349 (multipart.py:586) - DEBUG: Calling on_end with no data
2024-06-21 22:32:25,350 (parse_resumes.py:30) - INFO: Started parsing the resumes.
2024-06-21 22:32:25,350 (parse_resumes.py:32) - INFO: Parsing of the resumes is now complete.
2024-06-21 22:34:41,238 (multipart.py:586) - DEBUG: Calling on_part_begin with no data
2024-06-21 22:34:41,238 (multipart.py:583) - DEBUG: Calling on_header_field with data[54:73]
2024-06-21 22:34:41,238 (multipart.py:583) - DEBUG: Calling on_header_value with data[75:170]
2024-06-21 22:34:41,238 (multipart.py:586) - DEBUG: Calling on_header_end with no data
2024-06-21 22:34:41,238 (multipart.py:583) - DEBUG: Calling on_header_field with data[172:184]
2024-06-21 22:34:41,238 (multipart.py:583) - DEBUG: Calling on_header_value with data[186:201]
2024-06-21 22:34:41,238 (multipart.py:586) - DEBUG: Calling on_header_end with no data
2024-06-21 22:34:41,238 (multipart.py:586) - DEBUG: Calling on_headers_finished with no data
2024-06-21 22:34:41,239 (multipart.py:583) - DEBUG: Calling on_part_data with data[205:58079]
2024-06-21 22:34:41,239 (multipart.py:586) - DEBUG: Calling on_part_end with no data
2024-06-21 22:34:41,239 (multipart.py:586) - DEBUG: Calling on_end with no data
2024-06-21 22:34:41,240 (parse_resumes.py:30) - INFO: Started parsing the resumes.
2024-06-21 22:34:41,240 (parse_resumes.py:32) - INFO: Parsing of the resumes is now complete.
2024-06-21 22:36:47,610 (multipart.py:586) - DEBUG: Calling on_part_begin with no data
2024-06-21 22:36:47,611 (multipart.py:583) - DEBUG: Calling on_header_field with data[54:73]
2024-06-21 22:36:47,611 (multipart.py:583) - DEBUG: Calling on_header_value with data[75:169]
2024-06-21 22:36:47,611 (multipart.py:586) - DEBUG: Calling on_header_end with no data
2024-06-21 22:36:47,611 (multipart.py:583) - DEBUG: Calling on_header_field with data[171:183]
2024-06-21 22:36:47,611 (multipart.py:583) - DEBUG: Calling on_header_value with data[185:200]
2024-06-21 22:36:47,611 (multipart.py:586) - DEBUG: Calling on_header_end with no data
2024-06-21 22:36:47,611 (multipart.py:586) - DEBUG: Calling on_headers_finished with no data
2024-06-21 22:36:47,611 (multipart.py:583) - DEBUG: Calling on_part_data with data[0:57874]
2024-06-21 22:36:47,612 (multipart.py:586) - DEBUG: Calling on_part_end with no data
2024-06-21 22:36:47,612 (multipart.py:586) - DEBUG: Calling on_end with no data
2024-06-21 22:36:47,612 (parse_resumes.py:30) - INFO: Started parsing the resumes.
2024-06-21 22:36:47,612 (parse_resumes.py:32) - INFO: Parsing of the resumes is now complete.
2024-06-21 22:38:50,208 (multipart.py:586) - DEBUG: Calling on_part_begin with no data
2024-06-21 22:38:50,209 (multipart.py:583) - DEBUG: Calling on_header_field with data[54:73]
2024-06-21 22:38:50,209 (multipart.py:583) - DEBUG: Calling on_header_value with data[75:168]
2024-06-21 22:38:50,209 (multipart.py:586) - DEBUG: Calling on_header_end with no data
2024-06-21 22:38:50,209 (multipart.py:583) - DEBUG: Calling on_header_field with data[170:182]
2024-06-21 22:38:50,209 (multipart.py:583) - DEBUG: Calling on_header_value with data[184:199]
2024-06-21 22:38:50,209 (multipart.py:586) - DEBUG: Calling on_header_end with no data
2024-06-21 22:38:50,209 (multipart.py:586) - DEBUG: Calling on_headers_finished with no data
2024-06-21 22:38:50,210 (multipart.py:583) - DEBUG: Calling on_part_data with data[0:57874]
2024-06-21 22:38:50,210 (multipart.py:586) - DEBUG: Calling on_part_end with no data
2024-06-21 22:38:50,210 (multipart.py:586) - DEBUG: Calling on_end with no data
2024-06-21 22:38:50,210 (parse_resumes.py:30) - INFO: Started parsing the resumes.
2024-06-21 22:38:50,210 (parse_resumes.py:32) - INFO: Parsing of the resumes is now complete.
2024-06-21 22:39:33,328 (multipart.py:586) - DEBUG: Calling on_part_begin with no data
2024-06-21 22:39:33,328 (multipart.py:583) - DEBUG: Calling on_header_field with data[54:73]
2024-06-21 22:39:33,328 (multipart.py:583) - DEBUG: Calling on_header_value with data[75:162]
2024-06-21 22:39:33,328 (multipart.py:586) - DEBUG: Calling on_header_end with no data
2024-06-21 22:39:33,328 (multipart.py:583) - DEBUG: Calling on_header_field with data[164:176]
2024-06-21 22:39:33,328 (multipart.py:583) - DEBUG: Calling on_header_value with data[178:193]
2024-06-21 22:39:33,328 (multipart.py:586) - DEBUG: Calling on_header_end with no data
2024-06-21 22:39:33,328 (multipart.py:586) - DEBUG: Calling on_headers_finished with no data
2024-06-21 22:39:33,328 (multipart.py:583) - DEBUG: Calling on_part_data with data[197:20905]
2024-06-21 22:39:33,328 (multipart.py:586) - DEBUG: Calling on_part_end with no data
2024-06-21 22:39:33,328 (multipart.py:586) - DEBUG: Calling on_end with no data
2024-06-21 22:39:33,329 (parse_resumes.py:30) - INFO: Started parsing the resumes.
2024-06-21 22:39:33,329 (parse_resumes.py:32) - INFO: Parsing of the resumes is now complete.
